Build started 2018-08-23 오전 9:33:41.
     1>Project "C:\Users\wlsgu\Desktop\git\동영상\MadRush\MadRush\MadRush.vcxproj" on node 2 (Build target(s)).
     1>ClCompile:
         D:\vs2013\VC\bin\CL.exe /c /ZI /nologo /W3 /WX- /Od /Oy- /D WIN32 /D _DEBUG /D _CONSOLE /D _LIB /D _UNICODE /D UNICODE /Gm /EHsc /RTC1 /MDd /GS /fp:precise /Zc:wchar_t /Zc:forScope /Fo"Debug\\" /Fd"Debug\vc120.pdb" /Gd /TP /analyze- /errorReport:prompt Bomber.cpp Boss.cpp Bullet.cpp Buzzard.cpp Effect.cpp Enemy.cpp GaApp.cpp GaInput.cpp GaKeyboard.cpp GaMain.cpp GaMouse.cpp GaTimer.cpp Gauge.cpp GaugeBar.cpp Item.cpp Missile.cpp Object.cpp ObjectManager.cpp Player.cpp Rider.cpp Screen.cpp Soldier.cpp Tank.cpp Truck.cpp Wheel.cpp
         Wheel.cpp
         c:\program files (x86)\microsoft directx sdk(june 2010)\include\dinput.h: DIRECTINPUT_VERSION undefined. Defaulting to version 0x0800
     1>c:\users\wlsgu\desktop\git\동영상\madrush\madrush\gatimer.h(32): warning C4244: '=' : conversion from 'float' to 'DWORD', possible loss of data
     1>c:\users\wlsgu\desktop\git\동영상\madrush\madrush\object.h(46): warning C4244: '=' : conversion from 'int' to 'float', possible loss of data
         Truck.cpp
         c:\program files (x86)\microsoft directx sdk(june 2010)\include\dinput.h: DIRECTINPUT_VERSION undefined. Defaulting to version 0x0800
     1>c:\users\wlsgu\desktop\git\동영상\madrush\madrush\gatimer.h(32): warning C4244: '=' : conversion from 'float' to 'DWORD', possible loss of data
     1>c:\users\wlsgu\desktop\git\동영상\madrush\madrush\object.h(46): warning C4244: '=' : conversion from 'int' to 'float', possible loss of data
         Tank.cpp
         c:\program files (x86)\microsoft directx sdk(june 2010)\include\dinput.h: DIRECTINPUT_VERSION undefined. Defaulting to version 0x0800
     1>c:\users\wlsgu\desktop\git\동영상\madrush\madrush\gatimer.h(32): warning C4244: '=' : conversion from 'float' to 'DWORD', possible loss of data
     1>c:\users\wlsgu\desktop\git\동영상\madrush\madrush\object.h(46): warning C4244: '=' : conversion from 'int' to 'float', possible loss of data
     1>c:\users\wlsgu\desktop\git\동영상\madrush\madrush\tank.cpp(87): warning C4244: '=' : conversion from 'double' to 'FLOAT', possible loss of data
     1>c:\users\wlsgu\desktop\git\동영상\madrush\madrush\tank.cpp(88): warning C4244: '=' : conversion from 'double' to 'FLOAT', possible loss of data
         Soldier.cpp
         c:\program files (x86)\microsoft directx sdk(june 2010)\include\dinput.h: DIRECTINPUT_VERSION undefined. Defaulting to version 0x0800
     1>c:\users\wlsgu\desktop\git\동영상\madrush\madrush\gatimer.h(32): warning C4244: '=' : conversion from 'float' to 'DWORD', possible loss of data
     1>c:\users\wlsgu\desktop\git\동영상\madrush\madrush\object.h(46): warning C4244: '=' : conversion from 'int' to 'float', possible loss of data
         Screen.cpp
         c:\program files (x86)\microsoft directx sdk(june 2010)\include\dinput.h: DIRECTINPUT_VERSION undefined. Defaulting to version 0x0800
     1>c:\users\wlsgu\desktop\git\동영상\madrush\madrush\gatimer.h(32): warning C4244: '=' : conversion from 'float' to 'DWORD', possible loss of data
     1>c:\users\wlsgu\desktop\git\동영상\madrush\madrush\object.h(46): warning C4244: '=' : conversion from 'int' to 'float', possible loss of data
         Rider.cpp
         c:\program files (x86)\microsoft directx sdk(june 2010)\include\dinput.h: DIRECTINPUT_VERSION undefined. Defaulting to version 0x0800
     1>c:\users\wlsgu\desktop\git\동영상\madrush\madrush\gatimer.h(32): warning C4244: '=' : conversion from 'float' to 'DWORD', possible loss of data
     1>c:\users\wlsgu\desktop\git\동영상\madrush\madrush\object.h(46): warning C4244: '=' : conversion from 'int' to 'float', possible loss of data
         Player.cpp
         c:\program files (x86)\microsoft directx sdk(june 2010)\include\dinput.h: DIRECTINPUT_VERSION undefined. Defaulting to version 0x0800
     1>c:\users\wlsgu\desktop\git\동영상\madrush\madrush\gatimer.h(32): warning C4244: '=' : conversion from 'float' to 'DWORD', possible loss of data
     1>c:\users\wlsgu\desktop\git\동영상\madrush\madrush\object.h(46): warning C4244: '=' : conversion from 'int' to 'float', possible loss of data
     1>c:\users\wlsgu\desktop\git\동영상\madrush\madrush\player.cpp(60): warning C4244: '=' : conversion from 'int' to 'float', possible loss of data
     1>c:\users\wlsgu\desktop\git\동영상\madrush\madrush\player.cpp(74): warning C4244: '=' : conversion from 'int' to 'float', possible loss of data
         ObjectManager.cpp
         c:\program files (x86)\microsoft directx sdk(june 2010)\include\dinput.h: DIRECTINPUT_VERSION undefined. Defaulting to version 0x0800
     1>c:\users\wlsgu\desktop\git\동영상\madrush\madrush\gatimer.h(32): warning C4244: '=' : conversion from 'float' to 'DWORD', possible loss of data
     1>c:\users\wlsgu\desktop\git\동영상\madrush\madrush\object.h(46): warning C4244: '=' : conversion from 'int' to 'float', possible loss of data
     1>c:\users\wlsgu\desktop\git\동영상\madrush\madrush\objectmanager.cpp(790): warning C4244: '=' : conversion from 'DWORD' to 'float', possible loss of data
     1>c:\users\wlsgu\desktop\git\동영상\madrush\madrush\objectmanager.cpp(827): warning C4244: '=' : conversion from 'DWORD' to 'float', possible loss of data
     1>c:\users\wlsgu\desktop\git\동영상\madrush\madrush\objectmanager.cpp(865): warning C4244: '=' : conversion from 'DWORD' to 'float', possible loss of data
     1>c:\users\wlsgu\desktop\git\동영상\madrush\madrush\objectmanager.cpp(896): warning C4244: '=' : conversion from 'DWORD' to 'float', possible loss of data
     1>c:\users\wlsgu\desktop\git\동영상\madrush\madrush\objectmanager.cpp(928): warning C4244: '=' : conversion from 'DWORD' to 'float', possible loss of data
     1>c:\users\wlsgu\desktop\git\동영상\madrush\madrush\objectmanager.cpp(967): warning C4244: '=' : conversion from 'DWORD' to 'float', possible loss of data
     1>c:\users\wlsgu\desktop\git\동영상\madrush\madrush\objectmanager.cpp(1005): warning C4244: '=' : conversion from 'DWORD' to 'float', possible loss of data
     1>c:\users\wlsgu\desktop\git\동영상\madrush\madrush\objectmanager.cpp(1042): warning C4244: '=' : conversion from 'DWORD' to 'float', possible loss of data
     1>c:\users\wlsgu\desktop\git\동영상\madrush\madrush\objectmanager.cpp(1064): warning C4244: '=' : conversion from 'DWORD' to 'float', possible loss of data
     1>c:\users\wlsgu\desktop\git\동영상\madrush\madrush\objectmanager.cpp(1099): warning C4244: '=' : conversion from 'DWORD' to 'float', possible loss of data
         Object.cpp
         c:\program files (x86)\microsoft directx sdk(june 2010)\include\dinput.h: DIRECTINPUT_VERSION undefined. Defaulting to version 0x0800
     1>c:\users\wlsgu\desktop\git\동영상\madrush\madrush\gatimer.h(32): warning C4244: '=' : conversion from 'float' to 'DWORD', possible loss of data
     1>c:\users\wlsgu\desktop\git\동영상\madrush\madrush\object.h(46): warning C4244: '=' : conversion from 'int' to 'float', possible loss of data
     1>c:\users\wlsgu\desktop\git\동영상\madrush\madrush\object.cpp(37): warning C4244: '=' : conversion from 'float' to 'LONG', possible loss of data
     1>c:\users\wlsgu\desktop\git\동영상\madrush\madrush\object.cpp(38): warning C4244: '=' : conversion from 'float' to 'LONG', possible loss of data
         Missile.cpp
         c:\program files (x86)\microsoft directx sdk(june 2010)\include\dinput.h: DIRECTINPUT_VERSION undefined. Defaulting to version 0x0800
     1>c:\users\wlsgu\desktop\git\동영상\madrush\madrush\gatimer.h(32): warning C4244: '=' : conversion from 'float' to 'DWORD', possible loss of data
     1>c:\users\wlsgu\desktop\git\동영상\madrush\madrush\object.h(46): warning C4244: '=' : conversion from 'int' to 'float', possible loss of data
     1>c:\users\wlsgu\desktop\git\동영상\madrush\madrush\missile.cpp(52): warning C4244: 'argument' : conversion from 'float' to 'int', possible loss of data
         Item.cpp
         c:\program files (x86)\microsoft directx sdk(june 2010)\include\dinput.h: DIRECTINPUT_VERSION undefined. Defaulting to version 0x0800
     1>c:\users\wlsgu\desktop\git\동영상\madrush\madrush\gatimer.h(32): warning C4244: '=' : conversion from 'float' to 'DWORD', possible loss of data
     1>c:\users\wlsgu\desktop\git\동영상\madrush\madrush\object.h(46): warning C4244: '=' : conversion from 'int' to 'float', possible loss of data
         GaugeBar.cpp
         c:\program files (x86)\microsoft directx sdk(june 2010)\include\dinput.h: DIRECTINPUT_VERSION undefined. Defaulting to version 0x0800
     1>c:\users\wlsgu\desktop\git\동영상\madrush\madrush\gatimer.h(32): warning C4244: '=' : conversion from 'float' to 'DWORD', possible loss of data
     1>c:\users\wlsgu\desktop\git\동영상\madrush\madrush\object.h(46): warning C4244: '=' : conversion from 'int' to 'float', possible loss of data
         Gauge.cpp
         c:\program files (x86)\microsoft directx sdk(june 2010)\include\dinput.h: DIRECTINPUT_VERSION undefined. Defaulting to version 0x0800
     1>c:\users\wlsgu\desktop\git\동영상\madrush\madrush\gatimer.h(32): warning C4244: '=' : conversion from 'float' to 'DWORD', possible loss of data
     1>c:\users\wlsgu\desktop\git\동영상\madrush\madrush\object.h(46): warning C4244: '=' : conversion from 'int' to 'float', possible loss of data
         GaTimer.cpp
         c:\program files (x86)\microsoft directx sdk(june 2010)\include\dinput.h: DIRECTINPUT_VERSION undefined. Defaulting to version 0x0800
     1>c:\users\wlsgu\desktop\git\동영상\madrush\madrush\gatimer.h(32): warning C4244: '=' : conversion from 'float' to 'DWORD', possible loss of data
     1>c:\users\wlsgu\desktop\git\동영상\madrush\madrush\object.h(46): warning C4244: '=' : conversion from 'int' to 'float', possible loss of data
     1>c:\users\wlsgu\desktop\git\동영상\madrush\madrush\gatimer.cpp(14): warning C4244: 'argument' : conversion from 'time_t' to 'unsigned int', possible loss of data
     1>c:\users\wlsgu\desktop\git\동영상\madrush\madrush\gatimer.cpp(24): warning C4244: 'initializing' : conversion from 'double' to 'float', possible loss of data
     1>c:\users\wlsgu\desktop\git\동영상\madrush\madrush\gatimer.cpp(30): warning C4244: '=' : conversion from 'float' to 'UINT', possible loss of data
     1>c:\users\wlsgu\desktop\git\동영상\madrush\madrush\gatimer.cpp(54): warning C4244: 'initializing' : conversion from 'double' to 'float', possible loss of data
         GaMouse.cpp
         c:\program files (x86)\microsoft directx sdk(june 2010)\include\dinput.h: DIRECTINPUT_VERSION undefined. Defaulting to version 0x0800
     1>c:\users\wlsgu\desktop\git\동영상\madrush\madrush\gatimer.h(32): warning C4244: '=' : conversion from 'float' to 'DWORD', possible loss of data
     1>c:\users\wlsgu\desktop\git\동영상\madrush\madrush\object.h(46): warning C4244: '=' : conversion from 'int' to 'float', possible loss of data
         GaMain.cpp
         c:\program files (x86)\microsoft directx sdk(june 2010)\include\dinput.h: DIRECTINPUT_VERSION undefined. Defaulting to version 0x0800
     1>c:\users\wlsgu\desktop\git\동영상\madrush\madrush\gatimer.h(32): warning C4244: '=' : conversion from 'float' to 'DWORD', possible loss of data
     1>c:\users\wlsgu\desktop\git\동영상\madrush\madrush\object.h(46): warning C4244: '=' : conversion from 'int' to 'float', possible loss of data
         GaKeyboard.cpp
         c:\program files (x86)\microsoft directx sdk(june 2010)\include\dinput.h: DIRECTINPUT_VERSION undefined. Defaulting to version 0x0800
     1>c:\users\wlsgu\desktop\git\동영상\madrush\madrush\gatimer.h(32): warning C4244: '=' : conversion from 'float' to 'DWORD', possible loss of data
     1>c:\users\wlsgu\desktop\git\동영상\madrush\madrush\object.h(46): warning C4244: '=' : conversion from 'int' to 'float', possible loss of data
         GaInput.cpp
         c:\program files (x86)\microsoft directx sdk(june 2010)\include\dinput.h: DIRECTINPUT_VERSION undefined. Defaulting to version 0x0800
     1>c:\users\wlsgu\desktop\git\동영상\madrush\madrush\gatimer.h(32): warning C4244: '=' : conversion from 'float' to 'DWORD', possible loss of data
     1>c:\users\wlsgu\desktop\git\동영상\madrush\madrush\object.h(46): warning C4244: '=' : conversion from 'int' to 'float', possible loss of data
         GaApp.cpp
         c:\program files (x86)\microsoft directx sdk(june 2010)\include\dinput.h: DIRECTINPUT_VERSION undefined. Defaulting to version 0x0800
     1>c:\users\wlsgu\desktop\git\동영상\madrush\madrush\gatimer.h(32): warning C4244: '=' : conversion from 'float' to 'DWORD', possible loss of data
     1>c:\users\wlsgu\desktop\git\동영상\madrush\madrush\object.h(46): warning C4244: '=' : conversion from 'int' to 'float', possible loss of data
     1>c:\users\wlsgu\desktop\git\동영상\madrush\madrush\gaapp.cpp(86): warning C4244: 'argument' : conversion from 'float' to 'DWORD', possible loss of data
         Enemy.cpp
         c:\program files (x86)\microsoft directx sdk(june 2010)\include\dinput.h: DIRECTINPUT_VERSION undefined. Defaulting to version 0x0800
     1>c:\users\wlsgu\desktop\git\동영상\madrush\madrush\gatimer.h(32): warning C4244: '=' : conversion from 'float' to 'DWORD', possible loss of data
     1>c:\users\wlsgu\desktop\git\동영상\madrush\madrush\object.h(46): warning C4244: '=' : conversion from 'int' to 'float', possible loss of data
     1>c:\users\wlsgu\desktop\git\동영상\madrush\madrush\enemy.cpp(155): warning C4244: 'argument' : conversion from 'float' to 'int', possible loss of data
     1>c:\users\wlsgu\desktop\git\동영상\madrush\madrush\enemy.cpp(177): warning C4244: 'argument' : conversion from 'float' to 'int', possible loss of data
     1>c:\users\wlsgu\desktop\git\동영상\madrush\madrush\enemy.cpp(199): warning C4244: 'argument' : conversion from 'float' to 'int', possible loss of data
     1>c:\users\wlsgu\desktop\git\동영상\madrush\madrush\enemy.cpp(221): warning C4244: 'argument' : conversion from 'float' to 'int', possible loss of data
         Generating Code...
         Compiling...
         Effect.cpp
         c:\program files (x86)\microsoft directx sdk(june 2010)\include\dinput.h: DIRECTINPUT_VERSION undefined. Defaulting to version 0x0800
     1>c:\users\wlsgu\desktop\git\동영상\madrush\madrush\gatimer.h(32): warning C4244: '=' : conversion from 'float' to 'DWORD', possible loss of data
     1>c:\users\wlsgu\desktop\git\동영상\madrush\madrush\object.h(46): warning C4244: '=' : conversion from 'int' to 'float', possible loss of data
         Buzzard.cpp
         c:\program files (x86)\microsoft directx sdk(june 2010)\include\dinput.h: DIRECTINPUT_VERSION undefined. Defaulting to version 0x0800
     1>c:\users\wlsgu\desktop\git\동영상\madrush\madrush\gatimer.h(32): warning C4244: '=' : conversion from 'float' to 'DWORD', possible loss of data
     1>c:\users\wlsgu\desktop\git\동영상\madrush\madrush\object.h(46): warning C4244: '=' : conversion from 'int' to 'float', possible loss of data
     1>c:\users\wlsgu\desktop\git\동영상\madrush\madrush\buzzard.cpp(87): warning C4244: '=' : conversion from 'double' to 'FLOAT', possible loss of data
     1>c:\users\wlsgu\desktop\git\동영상\madrush\madrush\buzzard.cpp(88): warning C4244: '=' : conversion from 'double' to 'FLOAT', possible loss of data
         Bullet.cpp
         c:\program files (x86)\microsoft directx sdk(june 2010)\include\dinput.h: DIRECTINPUT_VERSION undefined. Defaulting to version 0x0800
     1>c:\users\wlsgu\desktop\git\동영상\madrush\madrush\gatimer.h(32): warning C4244: '=' : conversion from 'float' to 'DWORD', possible loss of data
     1>c:\users\wlsgu\desktop\git\동영상\madrush\madrush\object.h(46): warning C4244: '=' : conversion from 'int' to 'float', possible loss of data
     1>c:\users\wlsgu\desktop\git\동영상\madrush\madrush\bullet.cpp(60): warning C4244: 'argument' : conversion from 'float' to 'int', possible loss of data
         Boss.cpp
         c:\program files (x86)\microsoft directx sdk(june 2010)\include\dinput.h: DIRECTINPUT_VERSION undefined. Defaulting to version 0x0800
     1>c:\users\wlsgu\desktop\git\동영상\madrush\madrush\gatimer.h(32): warning C4244: '=' : conversion from 'float' to 'DWORD', possible loss of data
     1>c:\users\wlsgu\desktop\git\동영상\madrush\madrush\object.h(46): warning C4244: '=' : conversion from 'int' to 'float', possible loss of data
     1>c:\users\wlsgu\desktop\git\동영상\madrush\madrush\boss.cpp(91): warning C4244: '=' : conversion from 'double' to 'FLOAT', possible loss of data
     1>c:\users\wlsgu\desktop\git\동영상\madrush\madrush\boss.cpp(92): warning C4244: '=' : conversion from 'double' to 'FLOAT', possible loss of data
         Bomber.cpp
         c:\program files (x86)\microsoft directx sdk(june 2010)\include\dinput.h: DIRECTINPUT_VERSION undefined. Defaulting to version 0x0800
     1>c:\users\wlsgu\desktop\git\동영상\madrush\madrush\gatimer.h(32): warning C4244: '=' : conversion from 'float' to 'DWORD', possible loss of data
     1>c:\users\wlsgu\desktop\git\동영상\madrush\madrush\object.h(46): warning C4244: '=' : conversion from 'int' to 'float', possible loss of data
         Generating Code...
       Link:
         D:\vs2013\VC\bin\link.exe /ERRORREPORT:PROMPT /OUT:"C:\Users\wlsgu\Desktop\git\동영상\MadRush\Debug\MadRush.exe" /INCREMENTAL /NOLOGO d3d9.lib d3dx9.lib d3dx9d.lib dxguid.lib dinput8.lib kernel32.lib user32.lib gdi32.lib winspool.lib comdlg32.lib advapi32.lib shell32.lib ole32.lib oleaut32.lib uuid.lib odbc32.lib odbccp32.lib /MANIFEST /MANIFESTUAC:"level='asInvoker' uiAccess='false'" /manifest:embed /DEBUG /PDB:"C:\Users\wlsgu\Desktop\git\동영상\MadRush\Debug\MadRush.pdb" /SUBSYSTEM:CONSOLE /TLBID:1 /DYNAMICBASE /NXCOMPAT /IMPLIB:"C:\Users\wlsgu\Desktop\git\동영상\MadRush\Debug\MadRush.lib" /MACHINE:X86 Debug\Bomber.obj
         Debug\Boss.obj
         Debug\Bullet.obj
         Debug\Buzzard.obj
         Debug\Effect.obj
         Debug\Enemy.obj
         Debug\GaApp.obj
         Debug\GaInput.obj
         Debug\GaKeyboard.obj
         Debug\GaMain.obj
         Debug\GaMouse.obj
         Debug\GaTimer.obj
         Debug\Gauge.obj
         Debug\GaugeBar.obj
         Debug\Item.obj
         Debug\Missile.obj
         Debug\Object.obj
         Debug\ObjectManager.obj
         Debug\Player.obj
         Debug\Rider.obj
         Debug\Screen.obj
         Debug\Soldier.obj
         Debug\Tank.obj
         Debug\Truck.obj
         Debug\Wheel.obj
         LINK : C:\Users\wlsgu\Desktop\git\동영상\MadRush\Debug\MadRush.exe not found or not built by the last incremental link; performing full link
         MadRush.vcxproj -> C:\Users\wlsgu\Desktop\git\동영상\MadRush\Debug\MadRush.exe
     1>Done Building Project "C:\Users\wlsgu\Desktop\git\동영상\MadRush\MadRush\MadRush.vcxproj" (Build target(s)).

Build succeeded.

Time Elapsed 00:00:19.64
