빌드 시작: 2015-03-29 오후 12:23:33
     1>2 노드의 "C:\Users\samsung\Desktop\New\test\Vertices_2008.vcxproj" 프로젝트(ClCompile 대상)입니다.
     1>ClCompile:
         C:\Program Files (x86)\Microsoft Visual Studio 12.0\VC\bin\CL.exe /c /IDXUT\Core /IDXUT\Optional /ZI /nologo /W4 /WX- /Od /Oi /Oy- /D WIN32 /D _DEBUG /D DEBUG /D PROFILE /D _WINDOWS /D _UNICODE /D UNICODE /Gm /EHsc /RTC1 /MDd /GS /arch:SSE2 /fp:fast /Zc:wchar_t /Zc:forScope /openmp- /Fo"Debug\\" /Fd"Debug\vc120.pdb" /Gd /TP /analyze- /errorReport:prompt Vertices.cpp
         Vertices.cpp
     1>c:\users\samsung\desktop\new\test\vertices.cpp(78): error C2440: '초기화 중' : 'const char [13]'에서 'LPCWSTR'(으)로 변환할 수 없습니다.
                 가리킨 형식이 관련이 없습니다. 변환하려면 reinterpret_cast, C 스타일 캐스트 또는 함수 스타일 캐스트가 필요합니다.
     1>c:\users\samsung\desktop\new\test\vertices.cpp(84): error C2664: 'HWND CreateWindowExW(DWORD,LPCWSTR,LPCWSTR,DWORD,int,int,int,int,HWND,HMENU,HINSTANCE,LPVOID)' : 인수 2을(를) 'const char [13]'에서 'LPCWSTR'(으)로 변환할 수 없습니다.
                 가리킨 형식이 관련이 없습니다. 변환하려면 reinterpret_cast, C 스타일 캐스트 또는 함수 스타일 캐스트가 필요합니다.
     1>c:\users\samsung\desktop\new\test\vertices.cpp(112): error C2664: 'HRESULT D3DXCreateFontW(LPDIRECT3DDEVICE9,INT,UINT,UINT,UINT,BOOL,DWORD,DWORD,DWORD,DWORD,LPCWSTR,LPD3DXFONT *)' : 인수 11을(를) 'const char [7]'에서 'LPCWSTR'(으)로 변환할 수 없습니다.
                 가리킨 형식이 관련이 없습니다. 변환하려면 reinterpret_cast, C 스타일 캐스트 또는 함수 스타일 캐스트가 필요합니다.
     1>c:\users\samsung\desktop\new\test\vertices.cpp(117): error C2664: 'HRESULT D3DXCreateTextureFromFileW(LPDIRECT3DDEVICE9,LPCWSTR,LPDIRECT3DTEXTURE9 *)' : 인수 2을(를) 'const char [10]'에서 'LPCWSTR'(으)로 변환할 수 없습니다.
                 가리킨 형식이 관련이 없습니다. 변환하려면 reinterpret_cast, C 스타일 캐스트 또는 함수 스타일 캐스트가 필요합니다.
     1>c:\users\samsung\desktop\new\test\vertices.cpp(118): error C2664: 'HRESULT D3DXCreateTextureFromFileW(LPDIRECT3DDEVICE9,LPCWSTR,LPDIRECT3DTEXTURE9 *)' : 인수 2을(를) 'const char [9]'에서 'LPCWSTR'(으)로 변환할 수 없습니다.
                 가리킨 형식이 관련이 없습니다. 변환하려면 reinterpret_cast, C 스타일 캐스트 또는 함수 스타일 캐스트가 필요합니다.
     1>c:\users\samsung\desktop\new\test\vertices.cpp(119): error C2664: 'HRESULT D3DXCreateTextureFromFileW(LPDIRECT3DDEVICE9,LPCWSTR,LPDIRECT3DTEXTURE9 *)' : 인수 2을(를) 'const char [9]'에서 'LPCWSTR'(으)로 변환할 수 없습니다.
                 가리킨 형식이 관련이 없습니다. 변환하려면 reinterpret_cast, C 스타일 캐스트 또는 함수 스타일 캐스트가 필요합니다.
     1>c:\users\samsung\desktop\new\test\vertices.cpp(120): error C2664: 'HRESULT D3DXCreateTextureFromFileW(LPDIRECT3DDEVICE9,LPCWSTR,LPDIRECT3DTEXTURE9 *)' : 인수 2을(를) 'const char [9]'에서 'LPCWSTR'(으)로 변환할 수 없습니다.
                 가리킨 형식이 관련이 없습니다. 변환하려면 reinterpret_cast, C 스타일 캐스트 또는 함수 스타일 캐스트가 필요합니다.
     1>c:\users\samsung\desktop\new\test\vertices.cpp(121): error C2664: 'HRESULT D3DXCreateTextureFromFileW(LPDIRECT3DDEVICE9,LPCWSTR,LPDIRECT3DTEXTURE9 *)' : 인수 2을(를) 'const char [9]'에서 'LPCWSTR'(으)로 변환할 수 없습니다.
                 가리킨 형식이 관련이 없습니다. 변환하려면 reinterpret_cast, C 스타일 캐스트 또는 함수 스타일 캐스트가 필요합니다.
     1>c:\users\samsung\desktop\new\test\vertices.cpp(122): error C2664: 'HRESULT D3DXCreateTextureFromFileW(LPDIRECT3DDEVICE9,LPCWSTR,LPDIRECT3DTEXTURE9 *)' : 인수 2을(를) 'const char [9]'에서 'LPCWSTR'(으)로 변환할 수 없습니다.
                 가리킨 형식이 관련이 없습니다. 변환하려면 reinterpret_cast, C 스타일 캐스트 또는 함수 스타일 캐스트가 필요합니다.
     1>c:\users\samsung\desktop\new\test\vertices.cpp(123): error C2664: 'HRESULT D3DXCreateTextureFromFileW(LPDIRECT3DDEVICE9,LPCWSTR,LPDIRECT3DTEXTURE9 *)' : 인수 2을(를) 'const char [8]'에서 'LPCWSTR'(으)로 변환할 수 없습니다.
                 가리킨 형식이 관련이 없습니다. 변환하려면 reinterpret_cast, C 스타일 캐스트 또는 함수 스타일 캐스트가 필요합니다.
     1>c:\users\samsung\desktop\new\test\vertices.cpp(124): error C2664: 'HRESULT D3DXCreateTextureFromFileW(LPDIRECT3DDEVICE9,LPCWSTR,LPDIRECT3DTEXTURE9 *)' : 인수 2을(를) 'const char [7]'에서 'LPCWSTR'(으)로 변환할 수 없습니다.
                 가리킨 형식이 관련이 없습니다. 변환하려면 reinterpret_cast, C 스타일 캐스트 또는 함수 스타일 캐스트가 필요합니다.
     1>c:\users\samsung\desktop\new\test\vertices.cpp(174): error C2664: 'BOOL PlaySoundW(LPCWSTR,HMODULE,DWORD)' : 인수 1을(를) 'const char [18]'에서 'LPCWSTR'(으)로 변환할 수 없습니다.
                 가리킨 형식이 관련이 없습니다. 변환하려면 reinterpret_cast, C 스타일 캐스트 또는 함수 스타일 캐스트가 필요합니다.
     1>c:\users\samsung\desktop\new\test\vertices.cpp(197): warning C4244: '=' : 'LONG'에서 'float'(으)로 변환하면서 데이터가 손실될 수 있습니다.
     1>c:\users\samsung\desktop\new\test\vertices.cpp(198): warning C4806: '==' : 안전하지 않은 연산입니다. 'bool' 형식의 값('int' 형식으로 확장)이 주어진 상수와 같을 수 없습니다.
     1>c:\users\samsung\desktop\new\test\vertices.cpp(198): warning C4127: 조건식이 상수입니다.
     1>c:\users\samsung\desktop\new\test\vertices.cpp(202): warning C4244: '=' : 'LONG'에서 'float'(으)로 변환하면서 데이터가 손실될 수 있습니다.
     1>c:\users\samsung\desktop\new\test\vertices.cpp(249): error C2664: 'INT ID3DXFont::DrawTextW(LPD3DXSPRITE,LPCWSTR,INT,LPRECT,DWORD,D3DCOLOR)' : 인수 2을(를) 'char [256]'에서 'LPCWSTR'(으)로 변환할 수 없습니다.
                 가리킨 형식이 관련이 없습니다. 변환하려면 reinterpret_cast, C 스타일 캐스트 또는 함수 스타일 캐스트가 필요합니다.
     1>c:\users\samsung\desktop\new\test\vertices.cpp(256): error C2664: 'INT ID3DXFont::DrawTextW(LPD3DXSPRITE,LPCWSTR,INT,LPRECT,DWORD,D3DCOLOR)' : 인수 2을(를) 'char [256]'에서 'LPCWSTR'(으)로 변환할 수 없습니다.
                 가리킨 형식이 관련이 없습니다. 변환하려면 reinterpret_cast, C 스타일 캐스트 또는 함수 스타일 캐스트가 필요합니다.
     1>c:\users\samsung\desktop\new\test\vertices.cpp(261): warning C4305: '인수' : '__int64'에서 'D3DCOLOR'(으)로 잘립니다.
     1>c:\users\samsung\desktop\new\test\vertices.cpp(261): warning C4309: '인수' : 상수 값이 잘립니다.
     1>c:\users\samsung\desktop\new\test\vertices.cpp(266): warning C4305: '인수' : '__int64'에서 'D3DCOLOR'(으)로 잘립니다.
     1>c:\users\samsung\desktop\new\test\vertices.cpp(266): warning C4309: '인수' : 상수 값이 잘립니다.
     1>c:\users\samsung\desktop\new\test\vertices.cpp(271): warning C4305: '인수' : '__int64'에서 'D3DCOLOR'(으)로 잘립니다.
     1>c:\users\samsung\desktop\new\test\vertices.cpp(271): warning C4309: '인수' : 상수 값이 잘립니다.
     1>c:\users\samsung\desktop\new\test\vertices.cpp(276): warning C4305: '인수' : '__int64'에서 'D3DCOLOR'(으)로 잘립니다.
     1>c:\users\samsung\desktop\new\test\vertices.cpp(276): warning C4309: '인수' : 상수 값이 잘립니다.
     1>c:\users\samsung\desktop\new\test\vertices.cpp(277): warning C4305: '인수' : '__int64'에서 'D3DCOLOR'(으)로 잘립니다.
     1>c:\users\samsung\desktop\new\test\vertices.cpp(277): warning C4309: '인수' : 상수 값이 잘립니다.
     1>c:\users\samsung\desktop\new\test\vertices.cpp(278): warning C4305: '인수' : '__int64'에서 'D3DCOLOR'(으)로 잘립니다.
     1>c:\users\samsung\desktop\new\test\vertices.cpp(278): warning C4309: '인수' : 상수 값이 잘립니다.
     1>c:\users\samsung\desktop\new\test\vertices.cpp(279): warning C4305: '인수' : '__int64'에서 'D3DCOLOR'(으)로 잘립니다.
     1>c:\users\samsung\desktop\new\test\vertices.cpp(279): warning C4309: '인수' : 상수 값이 잘립니다.
     1>c:\users\samsung\desktop\new\test\vertices.cpp(367): error C2664: 'BOOL UnregisterClassW(LPCWSTR,HINSTANCE)' : 인수 1을(를) 'const char [13]'에서 'LPCWSTR'(으)로 변환할 수 없습니다.
                 가리킨 형식이 관련이 없습니다. 변환하려면 reinterpret_cast, C 스타일 캐스트 또는 함수 스타일 캐스트가 필요합니다.
     1>"C:\Users\samsung\Desktop\New\test\Vertices_2008.vcxproj" 프로젝트를 빌드했습니다(ClCompile 대상). - 실패

빌드하지 못했습니다.

경과 시간: 00:00:01.23
